<?xml version="1.0" encoding="UTF-8"?>
<testng-results ignored="0" total="10" passed="10" failed="0" skipped="0">
  <reporter-output>
  </reporter-output>
  <suite started-at="2024-02-20T11:24:21 IST" name="Suite" finished-at="2024-02-20T11:25:50 IST" duration-ms="88673">
    <groups>
    </groups>
    <test started-at="2024-02-20T11:24:21 IST" name="Run on Chrome8" finished-at="2024-02-20T11:25:37 IST" duration-ms="75672">
      <class name="com.tests.Search">
        <test-method is-config="true" signature="LaunchBrowser(java.lang.String)[pri:0, instance:com.tests.Search@2898ac89]" started-at="2024-02-20T11:24:21 IST" name="LaunchBrowser" finished-at="2024-02-20T11:24:39 IST" duration-ms="18447" status="PASS">
          <params>
            <param index="0">
              <value>
                <![CDATA[Chrome]]>
              </value>
            </param>
          </params>
          <reporter-output>
          </reporter-output>
        </test-method> <!-- LaunchBrowser -->
        <test-method signature="cadidatesearch()[pri:0, instance:com.tests.Search@2898ac89]" started-at="2024-02-20T11:24:39 IST" name="cadidatesearch" finished-at="2024-02-20T11:25:11 IST" duration-ms="31172" status="PASS">
          <reporter-output>
          </reporter-output>
        </test-method> <!-- cadidatesearch -->
        <test-method is-config="true" signature="CloseBrowser()[pri:0, instance:com.tests.Search@2898ac89]" started-at="2024-02-20T11:25:11 IST" name="CloseBrowser" finished-at="2024-02-20T11:25:36 IST" duration-ms="25559" status="FAIL">
          <exception class="org.openqa.selenium.WebDriverException">
            <message>
              <![CDATA[Timed out waiting for driver server to stop.
Build info: version: '4.10.0', revision: 'c14d967899'
System info: os.name: 'Windows 10', os.arch: 'amd64', os.version: '10.0', java.version: '17.0.9'
Driver info: org.openqa.selenium.chrome.ChromeDriver
Command: [f32df32cdc5745076e0250d4bbb6251b, quit {}]
Capabilities {acceptInsecureCerts: false, browserName: chrome, browserVersion: 121.0.6167.185, chrome: {chromedriverVersion: 121.0.6167.184 (057a8ae7deb..., userDataDir: C:\Users\BHARAD~1.VIS\AppDa...}, fedcm:accounts: true, goog:chromeOptions: {debuggerAddress: localhost:60405}, networkConnectionEnabled: false, pageLoadStrategy: normal, platformName: windows, proxy: Proxy(), se:cdp: ws://localhost:60405/devtoo..., se:cdpVersion: 121.0.6167.185, setWindowRect: true, strictFileInteractability: false, timeouts: {implicit: 0, pageLoad: 300000, script: 30000}, unhandledPromptBehavior: dismiss and notify, webauthn:extension:credBlob: true, webauthn:extension:largeBlob: true, webauthn:extension:minPinLength: true, webauthn:extension:prf: true, webauthn:virtualAuthenticators: true}
Session ID: f32df32cdc5745076e0250d4bbb6251b]]>
            </message>
            <full-stacktrace>
              <![CDATA[org.openqa.selenium.WebDriverException: Timed out waiting for driver server to stop.
Build info: version: '4.10.0', revision: 'c14d967899'
System info: os.name: 'Windows 10', os.arch: 'amd64', os.version: '10.0', java.version: '17.0.9'
Driver info: org.openqa.selenium.chrome.ChromeDriver
Command: [f32df32cdc5745076e0250d4bbb6251b, quit {}]
Capabilities {acceptInsecureCerts: false, browserName: chrome, browserVersion: 121.0.6167.185, chrome: {chromedriverVersion: 121.0.6167.184 (057a8ae7deb..., userDataDir: C:\Users\BHARAD~1.VIS\AppDa...}, fedcm:accounts: true, goog:chromeOptions: {debuggerAddress: localhost:60405}, networkConnectionEnabled: false, pageLoadStrategy: normal, platformName: windows, proxy: Proxy(), se:cdp: ws://localhost:60405/devtoo..., se:cdpVersion: 121.0.6167.185, setWindowRect: true, strictFileInteractability: false, timeouts: {implicit: 0, pageLoad: 300000, script: 30000}, unhandledPromptBehavior: dismiss and notify, webauthn:extension:credBlob: true, webauthn:extension:largeBlob: true, webauthn:extension:minPinLength: true, webauthn:extension:prf: true, webauthn:virtualAuthenticators: true}
Session ID: f32df32cdc5745076e0250d4bbb6251b
at org.openqa.selenium.remote.service.DriverCommandExecutor.execute(DriverCommandExecutor.java:161)
at org.openqa.selenium.remote.RemoteWebDriver.execute(RemoteWebDriver.java:531)
at org.openqa.selenium.remote.RemoteWebDriver.execute(RemoteWebDriver.java:590)
at org.openqa.selenium.remote.RemoteWebDriver.execute(RemoteWebDriver.java:594)
at org.openqa.selenium.remote.RemoteWebDriver.quit(RemoteWebDriver.java:446)
at org.openqa.selenium.chromium.ChromiumDriver.quit(ChromiumDriver.java:341)
at com.browser.Browser.CloseBrowser(Browser.java:89)
at java.base/jdk.internal.reflect.NativeMethodAccessorImpl.invoke0(Native Method)
at java.base/jdk.internal.reflect.NativeMethodAccessorImpl.invoke(NativeMethodAccessorImpl.java:77)
at java.base/jdk.internal.reflect.DelegatingMethodAccessorImpl.invoke(DelegatingMethodAccessorImpl.java:43)
at java.base/java.lang.reflect.Method.invoke(Method.java:568)
at org.testng.internal.invokers.MethodInvocationHelper.invokeMethod(MethodInvocationHelper.java:139)
at org.testng.internal.invokers.MethodInvocationHelper.invokeMethodConsideringTimeout(MethodInvocationHelper.java:69)
at org.testng.internal.invokers.ConfigInvoker.invokeConfigurationMethod(ConfigInvoker.java:390)
at org.testng.internal.invokers.ConfigInvoker.invokeConfigurations(ConfigInvoker.java:325)
at org.testng.internal.invokers.TestInvoker.runConfigMethods(TestInvoker.java:810)
at org.testng.internal.invokers.TestInvoker.runAfterConfigurations(TestInvoker.java:779)
at org.testng.internal.invokers.TestInvoker.invokeMethod(TestInvoker.java:755)
at org.testng.internal.invokers.TestInvoker.invokeTestMethod(TestInvoker.java:227)
at org.testng.internal.invokers.MethodRunner.runInSequence(MethodRunner.java:50)
at org.testng.internal.invokers.TestInvoker$MethodInvocationAgent.invoke(TestInvoker.java:957)
at org.testng.internal.invokers.TestInvoker.invokeTestMethods(TestInvoker.java:200)
at org.testng.internal.invokers.TestMethodWorker.invokeTestMethods(TestMethodWorker.java:148)
at org.testng.internal.invokers.TestMethodWorker.run(TestMethodWorker.java:128)
at java.base/java.util.ArrayList.forEach(ArrayList.java:1511)
at org.testng.TestRunner.privateRun(TestRunner.java:848)
at org.testng.TestRunner.run(TestRunner.java:621)
at org.testng.SuiteRunner.runTest(SuiteRunner.java:443)
at org.testng.SuiteRunner$SuiteWorker.run(SuiteRunner.java:481)
at org.testng.internal.thread.ThreadUtil.lambda$execute$0(ThreadUtil.java:58)
at java.base/java.util.concurrent.FutureTask.run(FutureTask.java:264)
at java.base/java.util.concurrent.ThreadPoolExecutor.runWorker(ThreadPoolExecutor.java:1136)
at java.base/java.util.concurrent.ThreadPoolExecutor$Worker.run(ThreadPoolExecutor.java:635)
at java.base/java.lang.Thread.run(Thread.java:842)
Caused by: java.util.concurrent.ExecutionException: org.openqa.selenium.TimeoutException: Process timed out after waiting for 20000 ms.
Build info: version: '4.10.0', revision: 'c14d967899'
System info: os.name: 'Windows 10', os.arch: 'amd64', os.version: '10.0', java.version: '17.0.9'
Driver info: driver.version: unknown
at java.base/java.util.concurrent.CompletableFuture.reportGet(CompletableFuture.java:396)
at java.base/java.util.concurrent.CompletableFuture.get(CompletableFuture.java:2096)
at org.openqa.selenium.remote.service.DriverCommandExecutor.execute(DriverCommandExecutor.java:157)
... 33 more
Caused by: org.openqa.selenium.TimeoutException: Process timed out after waiting for 20000 ms.
Build info: version: '4.10.0', revision: 'c14d967899'
System info: os.name: 'Windows 10', os.arch: 'amd64', os.version: '10.0', java.version: '17.0.9'
Driver info: driver.version: unknown
at org.openqa.selenium.os.OsProcess.waitFor(OsProcess.java:183)
at org.openqa.selenium.os.CommandLine.waitFor(CommandLine.java:117)
at org.openqa.selenium.remote.service.DriverCommandExecutor.lambda$execute$2(DriverCommandExecutor.java:148)
at java.base/java.util.concurrent.CompletableFuture$AsyncSupply.run(CompletableFuture.java:1768)
... 3 more
]]>
            </full-stacktrace>
          </exception> <!-- org.openqa.selenium.WebDriverException -->
          <reporter-output>
          </reporter-output>
        </test-method> <!-- CloseBrowser -->
      </class> <!-- com.tests.Search -->
    </test> <!-- Run on Chrome8 -->
    <test started-at="2024-02-20T11:24:21 IST" name="Run on Chrome3" finished-at="2024-02-20T11:25:45 IST" duration-ms="83822">
      <class name="com.tests.Search">
        <test-method is-config="true" signature="LaunchBrowser(java.lang.String)[pri:0, instance:com.tests.Search@6f45df59]" started-at="2024-02-20T11:24:21 IST" name="LaunchBrowser" finished-at="2024-02-20T11:24:52 IST" duration-ms="30983" status="PASS">
          <params>
            <param index="0">
              <value>
                <![CDATA[Chrome]]>
              </value>
            </param>
          </params>
          <reporter-output>
          </reporter-output>
        </test-method> <!-- LaunchBrowser -->
        <test-method signature="cadidatesearch()[pri:0, instance:com.tests.Search@6f45df59]" started-at="2024-02-20T11:24:52 IST" name="cadidatesearch" finished-at="2024-02-20T11:25:39 IST" duration-ms="47199" status="PASS">
          <reporter-output>
          </reporter-output>
        </test-method> <!-- cadidatesearch -->
        <test-method is-config="true" signature="CloseBrowser()[pri:0, instance:com.tests.Search@6f45df59]" started-at="2024-02-20T11:25:40 IST" name="CloseBrowser" finished-at="2024-02-20T11:25:45 IST" duration-ms="4845" status="PASS">
          <reporter-output>
          </reporter-output>
        </test-method> <!-- CloseBrowser -->
      </class> <!-- com.tests.Search -->
    </test> <!-- Run on Chrome3 -->
    <test started-at="2024-02-20T11:24:21 IST" name="Run on Chrome1" finished-at="2024-02-20T11:25:48 IST" duration-ms="87298">
      <class name="com.tests.Search">
        <test-method is-config="true" signature="LaunchBrowser(java.lang.String)[pri:0, instance:com.tests.Search@7dc0f706]" started-at="2024-02-20T11:24:21 IST" name="LaunchBrowser" finished-at="2024-02-20T11:24:45 IST" duration-ms="24251" status="PASS">
          <params>
            <param index="0">
              <value>
                <![CDATA[Chrome]]>
              </value>
            </param>
          </params>
          <reporter-output>
          </reporter-output>
        </test-method> <!-- LaunchBrowser -->
        <test-method signature="cadidatesearch()[pri:0, instance:com.tests.Search@7dc0f706]" started-at="2024-02-20T11:24:45 IST" name="cadidatesearch" finished-at="2024-02-20T11:25:39 IST" duration-ms="54114" status="PASS">
          <reporter-output>
          </reporter-output>
        </test-method> <!-- cadidatesearch -->
        <test-method is-config="true" signature="CloseBrowser()[pri:0, instance:com.tests.Search@7dc0f706]" started-at="2024-02-20T11:25:40 IST" name="CloseBrowser" finished-at="2024-02-20T11:25:48 IST" duration-ms="7904" status="PASS">
          <reporter-output>
          </reporter-output>
        </test-method> <!-- CloseBrowser -->
      </class> <!-- com.tests.Search -->
    </test> <!-- Run on Chrome1 -->
    <test started-at="2024-02-20T11:24:21 IST" name="Run on Chrome5" finished-at="2024-02-20T11:25:48 IST" duration-ms="87469">
      <class name="com.tests.Search">
        <test-method is-config="true" signature="LaunchBrowser(java.lang.String)[pri:0, instance:com.tests.Search@424e1977]" started-at="2024-02-20T11:24:21 IST" name="LaunchBrowser" finished-at="2024-02-20T11:24:44 IST" duration-ms="23549" status="PASS">
          <params>
            <param index="0">
              <value>
                <![CDATA[Chrome]]>
              </value>
            </param>
          </params>
          <reporter-output>
          </reporter-output>
        </test-method> <!-- LaunchBrowser -->
        <test-method signature="cadidatesearch()[pri:0, instance:com.tests.Search@424e1977]" started-at="2024-02-20T11:24:44 IST" name="cadidatesearch" finished-at="2024-02-20T11:25:41 IST" duration-ms="56100" status="PASS">
          <reporter-output>
          </reporter-output>
        </test-method> <!-- cadidatesearch -->
        <test-method is-config="true" signature="CloseBrowser()[pri:0, instance:com.tests.Search@424e1977]" started-at="2024-02-20T11:25:41 IST" name="CloseBrowser" finished-at="2024-02-20T11:25:48 IST" duration-ms="7365" status="PASS">
          <reporter-output>
          </reporter-output>
        </test-method> <!-- CloseBrowser -->
      </class> <!-- com.tests.Search -->
    </test> <!-- Run on Chrome5 -->
    <test started-at="2024-02-20T11:24:21 IST" name="Run on Chrome6" finished-at="2024-02-20T11:25:48 IST" duration-ms="87520">
      <class name="com.tests.Search">
        <test-method is-config="true" signature="LaunchBrowser(java.lang.String)[pri:0, instance:com.tests.Search@5f8edcc5]" started-at="2024-02-20T11:24:21 IST" name="LaunchBrowser" finished-at="2024-02-20T11:24:43 IST" duration-ms="21880" status="PASS">
          <params>
            <param index="0">
              <value>
                <![CDATA[Chrome]]>
              </value>
            </param>
          </params>
          <reporter-output>
          </reporter-output>
        </test-method> <!-- LaunchBrowser -->
        <test-method signature="cadidatesearch()[pri:0, instance:com.tests.Search@5f8edcc5]" started-at="2024-02-20T11:24:43 IST" name="cadidatesearch" finished-at="2024-02-20T11:25:46 IST" duration-ms="63682" status="PASS">
          <reporter-output>
          </reporter-output>
        </test-method> <!-- cadidatesearch -->
        <test-method is-config="true" signature="CloseBrowser()[pri:0, instance:com.tests.Search@5f8edcc5]" started-at="2024-02-20T11:25:47 IST" name="CloseBrowser" finished-at="2024-02-20T11:25:48 IST" duration-ms="1630" status="PASS">
          <reporter-output>
          </reporter-output>
        </test-method> <!-- CloseBrowser -->
      </class> <!-- com.tests.Search -->
    </test> <!-- Run on Chrome6 -->
    <test started-at="2024-02-20T11:24:21 IST" name="Run on Chrome9" finished-at="2024-02-20T11:25:49 IST" duration-ms="87618">
      <class name="com.tests.Search">
        <test-method is-config="true" signature="LaunchBrowser(java.lang.String)[pri:0, instance:com.tests.Search@6ff29830]" started-at="2024-02-20T11:24:21 IST" name="LaunchBrowser" finished-at="2024-02-20T11:24:52 IST" duration-ms="31016" status="PASS">
          <params>
            <param index="0">
              <value>
                <![CDATA[Chrome]]>
              </value>
            </param>
          </params>
          <reporter-output>
          </reporter-output>
        </test-method> <!-- LaunchBrowser -->
        <test-method signature="cadidatesearch()[pri:0, instance:com.tests.Search@6ff29830]" started-at="2024-02-20T11:24:52 IST" name="cadidatesearch" finished-at="2024-02-20T11:25:46 IST" duration-ms="53918" status="PASS">
          <reporter-output>
          </reporter-output>
        </test-method> <!-- cadidatesearch -->
        <test-method is-config="true" signature="CloseBrowser()[pri:0, instance:com.tests.Search@6ff29830]" started-at="2024-02-20T11:25:46 IST" name="CloseBrowser" finished-at="2024-02-20T11:25:49 IST" duration-ms="2162" status="PASS">
          <reporter-output>
          </reporter-output>
        </test-method> <!-- CloseBrowser -->
      </class> <!-- com.tests.Search -->
    </test> <!-- Run on Chrome9 -->
    <test started-at="2024-02-20T11:24:21 IST" name="Run on Chrome4" finished-at="2024-02-20T11:25:49 IST" duration-ms="87860">
      <class name="com.tests.Search">
        <test-method is-config="true" signature="LaunchBrowser(java.lang.String)[pri:0, instance:com.tests.Search@291b4bf5]" started-at="2024-02-20T11:24:21 IST" name="LaunchBrowser" finished-at="2024-02-20T11:24:43 IST" duration-ms="22547" status="PASS">
          <params>
            <param index="0">
              <value>
                <![CDATA[Chrome]]>
              </value>
            </param>
          </params>
          <reporter-output>
          </reporter-output>
        </test-method> <!-- LaunchBrowser -->
        <test-method signature="cadidatesearch()[pri:0, instance:com.tests.Search@291b4bf5]" started-at="2024-02-20T11:24:43 IST" name="cadidatesearch" finished-at="2024-02-20T11:25:40 IST" duration-ms="56319" status="PASS">
          <reporter-output>
          </reporter-output>
        </test-method> <!-- cadidatesearch -->
        <test-method is-config="true" signature="CloseBrowser()[pri:0, instance:com.tests.Search@291b4bf5]" started-at="2024-02-20T11:25:40 IST" name="CloseBrowser" finished-at="2024-02-20T11:25:49 IST" duration-ms="8402" status="PASS">
          <reporter-output>
          </reporter-output>
        </test-method> <!-- CloseBrowser -->
      </class> <!-- com.tests.Search -->
    </test> <!-- Run on Chrome4 -->
    <test started-at="2024-02-20T11:24:21 IST" name="Run on Chrome2" finished-at="2024-02-20T11:25:49 IST" duration-ms="88011">
      <class name="com.tests.Search">
        <test-method is-config="true" signature="LaunchBrowser(java.lang.String)[pri:0, instance:com.tests.Search@5c90e579]" started-at="2024-02-20T11:24:21 IST" name="LaunchBrowser" finished-at="2024-02-20T11:24:45 IST" duration-ms="24286" status="PASS">
          <params>
            <param index="0">
              <value>
                <![CDATA[Chrome]]>
              </value>
            </param>
          </params>
          <reporter-output>
          </reporter-output>
        </test-method> <!-- LaunchBrowser -->
        <test-method signature="cadidatesearch()[pri:0, instance:com.tests.Search@5c90e579]" started-at="2024-02-20T11:24:45 IST" name="cadidatesearch" finished-at="2024-02-20T11:25:41 IST" duration-ms="55394" status="PASS">
          <reporter-output>
          </reporter-output>
        </test-method> <!-- cadidatesearch -->
        <test-method is-config="true" signature="CloseBrowser()[pri:0, instance:com.tests.Search@5c90e579]" started-at="2024-02-20T11:25:41 IST" name="CloseBrowser" finished-at="2024-02-20T11:25:49 IST" duration-ms="7885" status="PASS">
          <reporter-output>
          </reporter-output>
        </test-method> <!-- CloseBrowser -->
      </class> <!-- com.tests.Search -->
    </test> <!-- Run on Chrome2 -->
    <test started-at="2024-02-20T11:24:21 IST" name="Run on Chrome10" finished-at="2024-02-20T11:25:49 IST" duration-ms="88316">
      <class name="com.tests.Search">
        <test-method is-config="true" signature="BeforeLaunchingbrowser()[pri:0, instance:com.tests.Search@548e6d58]" started-at="2024-02-20T11:24:21 IST" name="BeforeLaunchingbrowser" finished-at="2024-02-20T11:24:21 IST" duration-ms="20" status="PASS">
          <reporter-output>
          </reporter-output>
        </test-method> <!-- BeforeLaunchingbrowser -->
        <test-method is-config="true" signature="LaunchBrowser(java.lang.String)[pri:0, instance:com.tests.Search@548e6d58]" started-at="2024-02-20T11:24:21 IST" name="LaunchBrowser" finished-at="2024-02-20T11:24:42 IST" duration-ms="21023" status="PASS">
          <params>
            <param index="0">
              <value>
                <![CDATA[Chrome]]>
              </value>
            </param>
          </params>
          <reporter-output>
          </reporter-output>
        </test-method> <!-- LaunchBrowser -->
        <test-method signature="cadidatesearch()[pri:0, instance:com.tests.Search@548e6d58]" started-at="2024-02-20T11:24:42 IST" name="cadidatesearch" finished-at="2024-02-20T11:25:38 IST" duration-ms="55944" status="PASS">
          <reporter-output>
          </reporter-output>
        </test-method> <!-- cadidatesearch -->
        <test-method is-config="true" signature="CloseBrowser()[pri:0, instance:com.tests.Search@548e6d58]" started-at="2024-02-20T11:25:39 IST" name="CloseBrowser" finished-at="2024-02-20T11:25:49 IST" duration-ms="10509" status="PASS">
          <reporter-output>
          </reporter-output>
        </test-method> <!-- CloseBrowser -->
      </class> <!-- com.tests.Search -->
    </test> <!-- Run on Chrome10 -->
    <test started-at="2024-02-20T11:24:21 IST" name="Run on Chrome7" finished-at="2024-02-20T11:25:50 IST" duration-ms="88653">
      <class name="com.tests.Search">
        <test-method is-config="true" signature="LaunchBrowser(java.lang.String)[pri:0, instance:com.tests.Search@15ca7889]" started-at="2024-02-20T11:24:21 IST" name="LaunchBrowser" finished-at="2024-02-20T11:24:53 IST" duration-ms="31792" status="PASS">
          <params>
            <param index="0">
              <value>
                <![CDATA[Chrome]]>
              </value>
            </param>
          </params>
          <reporter-output>
          </reporter-output>
        </test-method> <!-- LaunchBrowser -->
        <test-method signature="cadidatesearch()[pri:0, instance:com.tests.Search@15ca7889]" started-at="2024-02-20T11:24:53 IST" name="cadidatesearch" finished-at="2024-02-20T11:25:38 IST" duration-ms="45152" status="PASS">
          <reporter-output>
          </reporter-output>
        </test-method> <!-- cadidatesearch -->
        <test-method is-config="true" signature="CloseBrowser()[pri:0, instance:com.tests.Search@15ca7889]" started-at="2024-02-20T11:25:39 IST" name="CloseBrowser" finished-at="2024-02-20T11:25:50 IST" duration-ms="10783" status="PASS">
          <reporter-output>
          </reporter-output>
        </test-method> <!-- CloseBrowser -->
      </class> <!-- com.tests.Search -->
    </test> <!-- Run on Chrome7 -->
  </suite> <!-- Suite -->
</testng-results>
